This is LuaHBTeX, Version 1.17.0 (TeX Live 2023)  (format=lualatex 2023.11.19)  26 NOV 2023 23:33
 restricted system commands enabled.
**sheet04.tex
(./sheet04.tex
LaTeX2e <2023-11-01>
L3 programming layer <2023-11-09>
Lua module: luaotfload 2023-08-31 3.26 Lua based OpenType font support
Lua module: lualibs 2023-07-13 2.76 ConTeXt Lua standard libraries.
Lua module: lualibs-extended 2023-07-13 2.76 ConTeXt Lua libraries -- extended c
ollection.
luaotfload | conf : Root cache directory is "/home/lennart/.local/texlive/2023/t
exmf-var/luatex-cache/generic/names".
luaotfload | init : Loading fontloader "fontloader-2023-08-19.lua" from kpse-res
olved path "/home/lennart/.local/texlive/2023/texmf-dist/tex/luatex/luaotfload/f
ontloader-2023-08-19.lua".
Lua-only attribute luaotfload@noligature = 1
luaotfload | init : Context OpenType loader version 3.133
Inserting `luaotfload.node_processor' in `pre_linebreak_filter'.
Inserting `luaotfload.node_processor' in `hpack_filter'.
Inserting `luaotfload.glyph_stream' in `glyph_stream_provider'.
Inserting `luaotfload.define_font' in `define_font'.
Lua-only attribute luaotfload_color_attribute = 2
luaotfload | conf : Root cache directory is "/home/lennart/.local/texlive/2023/t
exmf-var/luatex-cache/generic/names".
Inserting `luaotfload.harf.strip_prefix' in `find_opentype_file'.
Inserting `luaotfload.harf.strip_prefix' in `find_truetype_file'.
Removing  `luaotfload.glyph_stream' from `glyph_stream_provider'.
Inserting `luaotfload.harf.glyphstream' in `glyph_stream_provider'.
Inserting `luaotfload.harf.finalize_vlist' in `post_linebreak_filter'.
Inserting `luaotfload.harf.finalize_hlist' in `hpack_filter'.
Inserting `luaotfload.cleanup_files' in `wrapup_run'.
Inserting `luaotfload.harf.finalize_unicode' in `finish_pdffile'.
Inserting `luaotfload.glyphinfo' in `glyph_info'.
Lua-only attribute luaotfload.letterspace_done = 3
Inserting `luaotfload.aux.set_sscale_dimens' in `luaotfload.patch_font'.
Inserting `luaotfload.aux.set_font_index' in `luaotfload.patch_font'.
Inserting `luaotfload.aux.patch_cambria_domh' in `luaotfload.patch_font'.
Inserting `luaotfload.aux.fixup_fontdata' in `luaotfload.patch_font_unsafe'.
Inserting `luaotfload.aux.set_capheight' in `luaotfload.patch_font'.
Inserting `luaotfload.aux.set_xheight' in `luaotfload.patch_font'.
Inserting `luaotfload.rewrite_fontname' in `luaotfload.patch_font'.
Inserting `tracingstacklevels' in `input_level_string'. (/home/lennart/.local/t
exlive/2023/texmf-dist/tex/latex/base/article.cls
Document Class: article 2023/05/17 v1.4n Standard LaTeX document class
(/home/lennart/.local/texlive/2023/texmf-dist/tex/latex/base/size11.clo
File: size11.clo 2023/05/17 v1.4n Standard LaTeX file (size option)
luaotfload | db : Font names database loaded from /home/lennart/.local/texlive/2
023/texmf-var/luatex-cache/generic/names/luaotfload-names.luc.gz)
\c@part=\count184
\c@section=\count185
\c@subsection=\count186
\c@subsubsection=\count187
\c@paragraph=\count188
\c@subparagraph=\count189
\c@figure=\count190
\c@table=\count191
\abovecaptionskip=\skip48
\belowcaptionskip=\skip49
\bibindent=\dimen139
)
(/home/lennart/.local/texlive/2023/texmf-dist/tex/latex/tcolorbox/tcolorbox.sty
Package: tcolorbox 2023/09/26 version 6.1.0 text color boxes
(/home/lennart/.local/texlive/2023/texmf-dist/tex/latex/pgf/basiclayer/pgf.sty
(/home/lennart/.local/texlive/2023/texmf-dist/tex/latex/pgf/utilities/pgfrcs.st
y
(/home/lennart/.local/texlive/2023/texmf-dist/tex/generic/pgf/utilities/pgfutil
-common.tex
\pgfutil@everybye=\toks17
\pgfutil@tempdima=\dimen140
\pgfutil@tempdimb=\dimen141
)
(/home/lennart/.local/texlive/2023/texmf-dist/tex/generic/pgf/utilities/pgfutil
-latex.def
\pgfutil@abb=\box51
)
(/home/lennart/.local/texlive/2023/texmf-dist/tex/generic/pgf/utilities/pgfrcs.
code.tex
(/home/lennart/.local/texlive/2023/texmf-dist/tex/generic/pgf/pgf.revision.tex)
Package: pgfrcs 2023-01-15 v3.1.10 (3.1.10)
))
Package: pgf 2023-01-15 v3.1.10 (3.1.10)

(/home/lennart/.local/texlive/2023/texmf-dist/tex/latex/pgf/basiclayer/pgfcore.
sty
(/home/lennart/.local/texlive/2023/texmf-dist/tex/latex/graphics/graphicx.sty
Package: graphicx 2021/09/16 v1.2d Enhanced LaTeX Graphics (DPC,SPQR)

(/home/lennart/.local/texlive/2023/texmf-dist/tex/latex/graphics/keyval.sty
Package: keyval 2022/05/29 v1.15 key=value parser (DPC)
\KV@toks@=\toks18
)
(/home/lennart/.local/texlive/2023/texmf-dist/tex/latex/graphics/graphics.sty
Package: graphics 2022/03/10 v1.4e Standard LaTeX Graphics (DPC,SPQR)

(/home/lennart/.local/texlive/2023/texmf-dist/tex/latex/graphics/trig.sty
Package: trig 2021/08/11 v1.11 sin cos tan (DPC)
)
(/home/lennart/.local/texlive/2023/texmf-dist/tex/latex/graphics-cfg/graphics.c
fg
File: graphics.cfg 2016/06/04 v1.11 sample graphics configuration
)
Package graphics Info: Driver file: luatex.def on input line 107.

(/home/lennart/.local/texlive/2023/texmf-dist/tex/latex/graphics-def/luatex.def
File: luatex.def 2022/09/22 v1.2d Graphics/color driver for luatex
))
\Gin@req@height=\dimen142
\Gin@req@width=\dimen143
)
(/home/lennart/.local/texlive/2023/texmf-dist/tex/latex/pgf/systemlayer/pgfsys.
sty
(/home/lennart/.local/texlive/2023/texmf-dist/tex/generic/pgf/systemlayer/pgfsy
s.code.tex
Package: pgfsys 2023-01-15 v3.1.10 (3.1.10)

(/home/lennart/.local/texlive/2023/texmf-dist/tex/generic/pgf/utilities/pgfkeys
.code.tex
\pgfkeys@pathtoks=\toks19
\pgfkeys@temptoks=\toks20

(/home/lennart/.local/texlive/2023/texmf-dist/tex/generic/pgf/utilities/pgfkeys
libraryfiltered.code.tex
\pgfkeys@tmptoks=\toks21
))
\pgf@x=\dimen144
\pgf@y=\dimen145
\pgf@xa=\dimen146
\pgf@ya=\dimen147
\pgf@xb=\dimen148
\pgf@yb=\dimen149
\pgf@xc=\dimen150
\pgf@yc=\dimen151
\pgf@xd=\dimen152
\pgf@yd=\dimen153
\w@pgf@writea=\write3
\r@pgf@reada=\read2
\c@pgf@counta=\count192
\c@pgf@countb=\count193
\c@pgf@countc=\count194
\c@pgf@countd=\count195
\t@pgf@toka=\toks22
\t@pgf@tokb=\toks23
\t@pgf@tokc=\toks24
\pgf@sys@id@count=\count196

(/home/lennart/.local/texlive/2023/texmf-dist/tex/generic/pgf/systemlayer/pgf.c
fg
File: pgf.cfg 2023-01-15 v3.1.10 (3.1.10)
)
Driver file for pgf: pgfsys-luatex.def

(/home/lennart/.local/texlive/2023/texmf-dist/tex/generic/pgf/systemlayer/pgfsy
s-luatex.def
File: pgfsys-luatex.def 2023-01-15 v3.1.10 (3.1.10)

(/home/lennart/.local/texlive/2023/texmf-dist/tex/generic/pgf/systemlayer/pgfsy
s-common-pdf.def
File: pgfsys-common-pdf.def 2023-01-15 v3.1.10 (3.1.10)
)))
(/home/lennart/.local/texlive/2023/texmf-dist/tex/generic/pgf/systemlayer/pgfsy
ssoftpath.code.tex
File: pgfsyssoftpath.code.tex 2023-01-15 v3.1.10 (3.1.10)
\pgfsyssoftpath@smallbuffer@items=\count197
\pgfsyssoftpath@bigbuffer@items=\count198
)
(/home/lennart/.local/texlive/2023/texmf-dist/tex/generic/pgf/systemlayer/pgfsy
sprotocol.code.tex
File: pgfsysprotocol.code.tex 2023-01-15 v3.1.10 (3.1.10)
))
(/home/lennart/.local/texlive/2023/texmf-dist/tex/latex/xcolor/xcolor.sty
Package: xcolor 2023/11/15 v3.01 LaTeX color extensions (UK)

(/home/lennart/.local/texlive/2023/texmf-dist/tex/latex/graphics-cfg/color.cfg
File: color.cfg 2016/01/02 v1.6 sample color configuration
)
Package xcolor Info: Driver file: luatex.def on input line 274.
(/home/lennart/.local/texlive/2023/texmf-dist/tex/latex/graphics/mathcolor.ltx)
Package xcolor Info: Model `cmy' substituted by `cmy0' on input line 1350.
Package xcolor Info: Model `hsb' substituted by `rgb' on input line 1354.
Package xcolor Info: Model `RGB' extended on input line 1366.
Package xcolor Info: Model `HTML' substituted by `rgb' on input line 1368.
Package xcolor Info: Model `Hsb' substituted by `hsb' on input line 1369.
Package xcolor Info: Model `tHsb' substituted by `hsb' on input line 1370.
Package xcolor Info: Model `HSB' substituted by `hsb' on input line 1371.
Package xcolor Info: Model `Gray' substituted by `gray' on input line 1372.
Package xcolor Info: Model `wave' substituted by `hsb' on input line 1373.
)
(/home/lennart/.local/texlive/2023/texmf-dist/tex/generic/pgf/basiclayer/pgfcor
e.code.tex
Package: pgfcore 2023-01-15 v3.1.10 (3.1.10)

(/home/lennart/.local/texlive/2023/texmf-dist/tex/generic/pgf/math/pgfmath.code
.tex
(/home/lennart/.local/texlive/2023/texmf-dist/tex/generic/pgf/math/pgfmathutil.
code.tex)
(/home/lennart/.local/texlive/2023/texmf-dist/tex/generic/pgf/math/pgfmathparse
r.code.tex
\pgfmath@dimen=\dimen154
\pgfmath@count=\count199
\pgfmath@box=\box52
\pgfmath@toks=\toks25
\pgfmath@stack@operand=\toks26
\pgfmath@stack@operation=\toks27
)
(/home/lennart/.local/texlive/2023/texmf-dist/tex/generic/pgf/math/pgfmathfunct
ions.code.tex)
(/home/lennart/.local/texlive/2023/texmf-dist/tex/generic/pgf/math/pgfmathfunct
ions.basic.code.tex)
(/home/lennart/.local/texlive/2023/texmf-dist/tex/generic/pgf/math/pgfmathfunct
ions.trigonometric.code.tex)
(/home/lennart/.local/texlive/2023/texmf-dist/tex/generic/pgf/math/pgfmathfunct
ions.random.code.tex)
(/home/lennart/.local/texlive/2023/texmf-dist/tex/generic/pgf/math/pgfmathfunct
ions.comparison.code.tex)
(/home/lennart/.local/texlive/2023/texmf-dist/tex/generic/pgf/math/pgfmathfunct
ions.base.code.tex)
(/home/lennart/.local/texlive/2023/texmf-dist/tex/generic/pgf/math/pgfmathfunct
ions.round.code.tex)
(/home/lennart/.local/texlive/2023/texmf-dist/tex/generic/pgf/math/pgfmathfunct
ions.misc.code.tex)
(/home/lennart/.local/texlive/2023/texmf-dist/tex/generic/pgf/math/pgfmathfunct
ions.integerarithmetics.code.tex)
(/home/lennart/.local/texlive/2023/texmf-dist/tex/generic/pgf/math/pgfmathcalc.
code.tex)
(/home/lennart/.local/texlive/2023/texmf-dist/tex/generic/pgf/math/pgfmathfloat
.code.tex
\c@pgfmathroundto@lastzeros=\count266
))
(/home/lennart/.local/texlive/2023/texmf-dist/tex/generic/pgf/math/pgfint.code.
tex)
(/home/lennart/.local/texlive/2023/texmf-dist/tex/generic/pgf/basiclayer/pgfcor
epoints.code.tex
File: pgfcorepoints.code.tex 2023-01-15 v3.1.10 (3.1.10)
\pgf@picminx=\dimen155
\pgf@picmaxx=\dimen156
\pgf@picminy=\dimen157
\pgf@picmaxy=\dimen158
\pgf@pathminx=\dimen159
\pgf@pathmaxx=\dimen160
\pgf@pathminy=\dimen161
\pgf@pathmaxy=\dimen162
\pgf@xx=\dimen163
\pgf@xy=\dimen164
\pgf@yx=\dimen165
\pgf@yy=\dimen166
\pgf@zx=\dimen167
\pgf@zy=\dimen168
)
(/home/lennart/.local/texlive/2023/texmf-dist/tex/generic/pgf/basiclayer/pgfcor
epathconstruct.code.tex
File: pgfcorepathconstruct.code.tex 2023-01-15 v3.1.10 (3.1.10)
\pgf@path@lastx=\dimen169
\pgf@path@lasty=\dimen170
)
(/home/lennart/.local/texlive/2023/texmf-dist/tex/generic/pgf/basiclayer/pgfcor
epathusage.code.tex
File: pgfcorepathusage.code.tex 2023-01-15 v3.1.10 (3.1.10)
\pgf@shorten@end@additional=\dimen171
\pgf@shorten@start@additional=\dimen172
)
(/home/lennart/.local/texlive/2023/texmf-dist/tex/generic/pgf/basiclayer/pgfcor
escopes.code.tex
File: pgfcorescopes.code.tex 2023-01-15 v3.1.10 (3.1.10)
\pgfpic=\box53
\pgf@hbox=\box54
\pgf@layerbox@main=\box55
\pgf@picture@serial@count=\count267
)
(/home/lennart/.local/texlive/2023/texmf-dist/tex/generic/pgf/basiclayer/pgfcor
egraphicstate.code.tex
File: pgfcoregraphicstate.code.tex 2023-01-15 v3.1.10 (3.1.10)
\pgflinewidth=\dimen173
)
(/home/lennart/.local/texlive/2023/texmf-dist/tex/generic/pgf/basiclayer/pgfcor
etransformations.code.tex
File: pgfcoretransformations.code.tex 2023-01-15 v3.1.10 (3.1.10)
\pgf@pt@x=\dimen174
\pgf@pt@y=\dimen175
\pgf@pt@temp=\dimen176
)
(/home/lennart/.local/texlive/2023/texmf-dist/tex/generic/pgf/basiclayer/pgfcor
equick.code.tex
File: pgfcorequick.code.tex 2023-01-15 v3.1.10 (3.1.10)
)
(/home/lennart/.local/texlive/2023/texmf-dist/tex/generic/pgf/basiclayer/pgfcor
eobjects.code.tex
File: pgfcoreobjects.code.tex 2023-01-15 v3.1.10 (3.1.10)
)
(/home/lennart/.local/texlive/2023/texmf-dist/tex/generic/pgf/basiclayer/pgfcor
epathprocessing.code.tex
File: pgfcorepathprocessing.code.tex 2023-01-15 v3.1.10 (3.1.10)
)
(/home/lennart/.local/texlive/2023/texmf-dist/tex/generic/pgf/basiclayer/pgfcor
earrows.code.tex
File: pgfcorearrows.code.tex 2023-01-15 v3.1.10 (3.1.10)
\pgfarrowsep=\dimen177
)
(/home/lennart/.local/texlive/2023/texmf-dist/tex/generic/pgf/basiclayer/pgfcor
eshade.code.tex
File: pgfcoreshade.code.tex 2023-01-15 v3.1.10 (3.1.10)
\pgf@max=\dimen178
\pgf@sys@shading@range@num=\count268
\pgf@shadingcount=\count269
)
(/home/lennart/.local/texlive/2023/texmf-dist/tex/generic/pgf/basiclayer/pgfcor
eimage.code.tex
File: pgfcoreimage.code.tex 2023-01-15 v3.1.10 (3.1.10)
)
(/home/lennart/.local/texlive/2023/texmf-dist/tex/generic/pgf/basiclayer/pgfcor
eexternal.code.tex
File: pgfcoreexternal.code.tex 2023-01-15 v3.1.10 (3.1.10)
\pgfexternal@startupbox=\box56
)
(/home/lennart/.local/texlive/2023/texmf-dist/tex/generic/pgf/basiclayer/pgfcor
elayers.code.tex
File: pgfcorelayers.code.tex 2023-01-15 v3.1.10 (3.1.10)
)
(/home/lennart/.local/texlive/2023/texmf-dist/tex/generic/pgf/basiclayer/pgfcor
etransparency.code.tex
File: pgfcoretransparency.code.tex 2023-01-15 v3.1.10 (3.1.10)
)
(/home/lennart/.local/texlive/2023/texmf-dist/tex/generic/pgf/basiclayer/pgfcor
epatterns.code.tex
File: pgfcorepatterns.code.tex 2023-01-15 v3.1.10 (3.1.10)
)
(/home/lennart/.local/texlive/2023/texmf-dist/tex/generic/pgf/basiclayer/pgfcor
erdf.code.tex
File: pgfcorerdf.code.tex 2023-01-15 v3.1.10 (3.1.10)
)))
(/home/lennart/.local/texlive/2023/texmf-dist/tex/generic/pgf/modules/pgfmodule
shapes.code.tex
File: pgfmoduleshapes.code.tex 2023-01-15 v3.1.10 (3.1.10)
\pgfnodeparttextbox=\box57
)
(/home/lennart/.local/texlive/2023/texmf-dist/tex/generic/pgf/modules/pgfmodule
plot.code.tex
File: pgfmoduleplot.code.tex 2023-01-15 v3.1.10 (3.1.10)
)
(/home/lennart/.local/texlive/2023/texmf-dist/tex/latex/pgf/compatibility/pgfco
mp-version-0-65.sty
Package: pgfcomp-version-0-65 2023-01-15 v3.1.10 (3.1.10)
\pgf@nodesepstart=\dimen179
\pgf@nodesepend=\dimen180
)
(/home/lennart/.local/texlive/2023/texmf-dist/tex/latex/pgf/compatibility/pgfco
mp-version-1-18.sty
Package: pgfcomp-version-1-18 2023-01-15 v3.1.10 (3.1.10)
))
(/home/lennart/.local/texlive/2023/texmf-dist/tex/latex/tools/verbatim.sty
Package: verbatim 2022-07-02 v1.5u LaTeX2e package for verbatim enhancements
\every@verbatim=\toks28
\verbatim@line=\toks29
\verbatim@in@stream=\read3
)
(/home/lennart/.local/texlive/2023/texmf-dist/tex/latex/environ/environ.sty
Package: environ 2014/05/04 v0.3 A new way to define environments

(/home/lennart/.local/texlive/2023/texmf-dist/tex/latex/trimspaces/trimspaces.s
ty
Package: trimspaces 2009/09/17 v1.1 Trim spaces around a token list
)
\@envbody=\toks30
)
(/home/lennart/.local/texlive/2023/texmf-dist/tex/latex/etoolbox/etoolbox.sty
Package: etoolbox 2020/10/05 v2.5k e-TeX tools for LaTeX (JAW)
\etb@tempcnta=\count270
)
\tcb@titlebox=\box58
\tcb@upperbox=\box59
\tcb@lowerbox=\box60
\tcb@phantombox=\box61
\c@tcbbreakpart=\count271
\c@tcblayer=\count272
\c@tcolorbox@number=\count273
\tcb@temp=\box62
\tcb@temp=\box63
\tcb@temp=\box64
\tcb@temp=\box65

(/home/lennart/.local/texlive/2023/texmf-dist/tex/latex/tcolorbox/tcbbreakable.
code.tex
Library (tcolorbox): 'tcbbreakable.code.tex' version '6.1.0'
(/home/lennart/.local/texlive/2023/texmf-dist/tex/latex/pdfcol/pdfcol.sty
Package: pdfcol 2022-09-21 v1.7 Handle new color stacks for pdfTeX (HO)

(/home/lennart/.local/texlive/2023/texmf-dist/tex/generic/ltxcmds/ltxcmds.sty
Package: ltxcmds 2020-05-10 v1.25 LaTeX kernel commands for general use (HO)
)
(/home/lennart/.local/texlive/2023/texmf-dist/tex/generic/infwarerr/infwarerr.s
ty
Package: infwarerr 2019/12/03 v1.5 Providing info/warning/error messages (HO)
) (/home/lennart/.local/texlive/2023/texmf-dist/tex/generic/iftex/iftex.sty
Package: iftex 2022/02/03 v1.0f TeX engine tests
))
Package pdfcol Info: New color stack `tcb@breakable' = 1 on input line 23.
\tcb@testbox=\box66
\tcb@totalupperbox=\box67
\tcb@totallowerbox=\box68
(/home/lennart/.local/texlive/2023/texmf-dist/tex/generic/iftex/ifluatex.sty
Package: ifluatex 2019/10/25 v1.5 ifluatex legacy package. Use iftex instead.
))) (/home/lennart/.local/texlive/2023/texmf-dist/tex/latex/parskip/parskip.sty
Package: parskip 2021-03-14 v2.0h non-zero parskip adjustments

(/home/lennart/.local/texlive/2023/texmf-dist/tex/latex/kvoptions/kvoptions.sty
Package: kvoptions 2022-06-15 v3.15 Key value format for package options (HO)

(/home/lennart/.local/texlive/2023/texmf-dist/tex/latex/kvsetkeys/kvsetkeys.sty
Package: kvsetkeys 2022-10-05 v1.19 Key value parser (HO)
))) (/home/lennart/.local/texlive/2023/texmf-dist/tex/latex/caption/caption.sty
Package: caption 2023/08/05 v3.6o Customizing captions (AR)
(/home/lennart/.local/texlive/2023/texmf-dist/tex/latex/caption/caption3.sty
Package: caption3 2023/07/31 v2.4d caption3 kernel (AR)
\caption@tempdima=\dimen181
\captionmargin=\dimen182
\caption@leftmargin=\dimen183
\caption@rightmargin=\dimen184
\caption@width=\dimen185
\caption@indent=\dimen186
\caption@parindent=\dimen187
\caption@hangindent=\dimen188
Package caption Info: Standard document class detected.
)
\c@caption@flags=\count274
\c@continuedfloat=\count275
)
(/home/lennart/.local/texlive/2023/texmf-dist/tex/latex/float/float.sty
Package: float 2001/11/08 v1.3d Float enhancements (AL)
\c@float@type=\count276
\float@exts=\toks31
\float@box=\box69
\@float@everytoks=\toks32
\@floatcapt=\box70
)
(/home/lennart/.local/texlive/2023/texmf-dist/tex/latex/tools/enumerate.sty
Package: enumerate 2023/07/04 v3.00 enumerate extensions (DPC)
\@enLab=\toks33
)
(/home/lennart/.local/texlive/2023/texmf-dist/tex/latex/geometry/geometry.sty
Package: geometry 2020/01/02 v5.9 Page Geometry

(/home/lennart/.local/texlive/2023/texmf-dist/tex/generic/iftex/ifvtex.sty
Package: ifvtex 2019/10/25 v1.7 ifvtex legacy package. Use iftex instead.
)
\Gm@cnth=\count277
\Gm@cntv=\count278
\c@Gm@tempcnt=\count279
\Gm@bindingoffset=\dimen189
\Gm@wd@mp=\dimen190
\Gm@odd@mp=\dimen191
\Gm@even@mp=\dimen192
\Gm@layoutwidth=\dimen193
\Gm@layoutheight=\dimen194
\Gm@layouthoffset=\dimen195
\Gm@layoutvoffset=\dimen196
\Gm@dimlist=\toks34
)
(/home/lennart/.local/texlive/2023/texmf-dist/tex/latex/amsmath/amsmath.sty
Package: amsmath 2023/05/13 v2.17o AMS math features
\@mathmargin=\skip50

For additional information on amsmath, use the `?' option.
(/home/lennart/.local/texlive/2023/texmf-dist/tex/latex/amsmath/amstext.sty
Package: amstext 2021/08/26 v2.01 AMS text

(/home/lennart/.local/texlive/2023/texmf-dist/tex/latex/amsmath/amsgen.sty
File: amsgen.sty 1999/11/30 v2.0 generic functions
\@emptytoks=\toks35
\ex@=\dimen197
))
(/home/lennart/.local/texlive/2023/texmf-dist/tex/latex/amsmath/amsbsy.sty
Package: amsbsy 1999/11/29 v1.2d Bold Symbols
\pmbraise@=\dimen198
)
(/home/lennart/.local/texlive/2023/texmf-dist/tex/latex/amsmath/amsopn.sty
Package: amsopn 2022/04/08 v2.04 operator names
)
\inf@bad=\count280
LaTeX Info: Redefining \frac on input line 236.
\uproot@=\count281
\leftroot@=\count282
LaTeX Info: Redefining \overline on input line 399.
LaTeX Info: Redefining \colon on input line 410.
\classnum@=\count283
\DOTSCASE@=\count284
LaTeX Info: Redefining \ldots on input line 496.
LaTeX Info: Redefining \dots on input line 499.
LaTeX Info: Redefining \cdots on input line 620.
\Mathstrutbox@=\box71
\strutbox@=\box72
LaTeX Info: Redefining \big on input line 722.
LaTeX Info: Redefining \Big on input line 723.
LaTeX Info: Redefining \bigg on input line 724.
LaTeX Info: Redefining \Bigg on input line 725.
\big@size=\dimen199
LaTeX Font Info:    Redeclaring font encoding OML on input line 743.
LaTeX Font Info:    Redeclaring font encoding OMS on input line 744.
\macc@depth=\count285
LaTeX Info: Redefining \bmod on input line 905.
LaTeX Info: Redefining \pmod on input line 910.
LaTeX Info: Redefining \smash on input line 940.
LaTeX Info: Redefining \relbar on input line 970.
LaTeX Info: Redefining \Relbar on input line 971.
\c@MaxMatrixCols=\count286
\dotsspace@=\muskip16
\c@parentequation=\count287
\dspbrk@lvl=\count288
\tag@help=\toks36
\row@=\count289
\column@=\count290
\maxfields@=\count291
\andhelp@=\toks37
\eqnshift@=\dimen256
\alignsep@=\dimen257
\tagshift@=\dimen258
\tagwidth@=\dimen259
\totwidth@=\dimen260
\lineht@=\dimen261
\@envbody=\toks38
\multlinegap=\skip51
\multlinetaggap=\skip52
\mathdisplay@stack=\toks39
LaTeX Info: Redefining \[ on input line 2953.
LaTeX Info: Redefining \] on input line 2954.
)
(/home/lennart/.local/texlive/2023/texmf-dist/tex/latex/amsfonts/amssymb.sty
Package: amssymb 2013/01/14 v3.01 AMS font symbols

(/home/lennart/.local/texlive/2023/texmf-dist/tex/latex/amsfonts/amsfonts.sty
Package: amsfonts 2013/01/14 v3.01 Basic AMSFonts support
\symAMSa=\mathgroup4
\symAMSb=\mathgroup5
LaTeX Font Info:    Redeclaring math symbol \hbar on input line 98.
LaTeX Font Info:    Overwriting math alphabet `\mathfrak' in version `bold'
(Font)                  U/euf/m/n --> U/euf/b/n on input line 106.
)) (/home/lennart/.local/texlive/2023/texmf-dist/tex/latex/base/textcomp.sty
Package: textcomp 2020/02/02 v2.0n Standard LaTeX package
)
(/home/lennart/.local/texlive/2023/texmf-dist/tex/latex/upquote/upquote.sty
Package: upquote 2012/04/19 v1.3 upright-quote and grave-accent glyphs in verba
tim
)
(/home/lennart/.local/texlive/2023/texmf-dist/tex/latex/eurosym/eurosym.sty
Package: eurosym 1998/08/06 v1.1 European currency symbol ``Euro''
\@eurobox=\box73
)
(/home/lennart/.local/texlive/2023/texmf-dist/tex/latex/fontspec/fontspec.sty
(/home/lennart/.local/texlive/2023/texmf-dist/tex/latex/l3packages/xparse/xpars
e.sty
(/home/lennart/.local/texlive/2023/texmf-dist/tex/latex/l3kernel/expl3.sty
Package: expl3 2023-11-09 L3 programming layer (loader) 

(/home/lennart/.local/texlive/2023/texmf-dist/tex/latex/l3backend/l3backend-lua
tex.def
File: l3backend-luatex.def 2023-11-09 L3 backend support: PDF output (LuaTeX)
\l__color_backend_stack_int=\count292
Inserting `l3color' in `luaotfload.parse_color'.
\l__pdf_internal_box=\box74
))
Package: xparse 2023-10-10 L3 Experimental document command parser
)
Package: fontspec 2022/01/15 v2.8a Font selection for XeLaTeX and LuaLaTeX
Lua module: fontspec 2022/01/15 2.8a Font selection for XeLaTeX and LuaLaTeX
(/home/lennart/.local/texlive/2023/texmf-dist/tex/latex/fontspec/fontspec-luate
x.sty
Package: fontspec-luatex 2022/01/15 v2.8a Font selection for XeLaTeX and LuaLaT
eX
\l__fontspec_script_int=\count293
\l__fontspec_language_int=\count294
\l__fontspec_strnum_int=\count295
\l__fontspec_tmp_int=\count296
\l__fontspec_tmpa_int=\count297
\l__fontspec_tmpb_int=\count298
\l__fontspec_tmpc_int=\count299
\l__fontspec_em_int=\count300
\l__fontspec_emdef_int=\count301
\l__fontspec_strong_int=\count302
\l__fontspec_strongdef_int=\count303
\l__fontspec_tmpa_dim=\dimen262
\l__fontspec_tmpb_dim=\dimen263
\l__fontspec_tmpc_dim=\dimen264
 (/home/lennart/.local/texlive/2023/texmf-dist/tex/latex/base/fontenc.sty
Package: fontenc 2021/04/29 v2.0v Standard LaTeX package
) (/home/lennart/.local/texlive/2023/texmf-dist/tex/latex/fontspec/fontspec.cfg
)))
(/home/lennart/.local/texlive/2023/texmf-dist/tex/latex/unicode-math/unicode-ma
th.sty
Package: unicode-math 2023/08/13 v0.8r Unicode maths in XeLaTeX and LuaLaTeX

(/home/lennart/.local/texlive/2023/texmf-dist/tex/latex/unicode-math/unicode-ma
th-luatex.sty
Package: unicode-math-luatex 2023/08/13 v0.8r Unicode maths in XeLaTeX and LuaL
aTeX

(/home/lennart/.local/texlive/2023/texmf-dist/tex/latex/l3packages/l3keys2e/l3k
eys2e.sty
Package: l3keys2e 2023-10-10 LaTeX2e option processing using LaTeX3 keys
)
(/home/lennart/.local/texlive/2023/texmf-dist/tex/latex/base/fix-cm.sty
Package: fix-cm 2020/11/24 v1.1t fixes to LaTeX

(/home/lennart/.local/texlive/2023/texmf-dist/tex/latex/base/ts1enc.def
File: ts1enc.def 2001/06/05 v3.0e (jk/car/fm) Standard LaTeX file
LaTeX Font Info:    Redeclaring font encoding TS1 on input line 47.
))
(/home/lennart/.local/texlive/2023/texmf-dist/tex/lualatex/lualatex-math/lualat
ex-math.sty
Package: lualatex-math 2022/01/01 v1.12 Patches for mathematics typesetting wit
h LuaLaTeX
Lua module: lualatex-math 2013/08/03 1.3 Patches for mathematics typesetting wit
h LuaLaTeX)
\g__um_fam_int=\count304
\g__um_fonts_used_int=\count305
\l__um_primecount_int=\count306
\g__um_primekern_muskip=\muskip17

(/home/lennart/.local/texlive/2023/texmf-dist/tex/latex/unicode-math/unicode-ma
th-table.tex)))
(/home/lennart/.local/texlive/2023/texmf-dist/tex/latex/fancyvrb/fancyvrb.sty
Package: fancyvrb 2023/11/06 4.5b verbatim text (tvz,hv)
\FV@CodeLineNo=\count307
\FV@InFile=\read4
\FV@TabBox=\box75
\c@FancyVerbLine=\count308
\FV@StepNumber=\count309
\FV@OutFile=\write4
)
(/home/lennart/.local/texlive/2023/texmf-dist/tex/latex/grffile/grffile.sty
Package: grffile 2019/11/11 v2.1 Extended file name support for graphics (legac
y)
Package grffile Info: This package is an empty stub for compatibility on input 
line 40.
)
(/home/lennart/.local/texlive/2023/texmf-dist/tex/latex/adjustbox/adjustbox.sty
Package: adjustbox 2022/10/17 v1.3a Adjusting TeX boxes (trim, clip, ...)
(/home/lennart/.local/texlive/2023/texmf-dist/tex/latex/xkeyval/xkeyval.sty
Package: xkeyval 2022/06/16 v2.9 package option processing (HA)

(/home/lennart/.local/texlive/2023/texmf-dist/tex/generic/xkeyval/xkeyval.tex
(/home/lennart/.local/texlive/2023/texmf-dist/tex/generic/xkeyval/xkvutils.tex
\XKV@toks=\toks40
\XKV@tempa@toks=\toks41
)
\XKV@depth=\count310
File: xkeyval.tex 2014/12/03 v2.7a key=value parser (HA)
))
(/home/lennart/.local/texlive/2023/texmf-dist/tex/latex/adjustbox/adjcalc.sty
Package: adjcalc 2012/05/16 v1.1 Provides advanced setlength with multiple back
-ends (calc, etex, pgfmath)
)
(/home/lennart/.local/texlive/2023/texmf-dist/tex/latex/adjustbox/trimclip.sty
Package: trimclip 2020/08/19 v1.2 Trim and clip general TeX material

(/home/lennart/.local/texlive/2023/texmf-dist/tex/latex/collectbox/collectbox.s
ty
Package: collectbox 2022/10/17 v0.4c Collect macro arguments as boxes
\collectedbox=\box76
)
\tc@llx=\dimen265
\tc@lly=\dimen266
\tc@urx=\dimen267
\tc@ury=\dimen268

(/home/lennart/.local/texlive/2023/texmf-dist/tex/latex/adjustbox/tc-pgf.def
File: tc-pgf.def 2019/01/04 v2.2 trimclip fall-back clipping driver using PGF
)
Package trimclip Info: No clipping driver 'tc-luatex.def' available.
(trimclip)             Using fall-back PGF driver.
)
\adjbox@Width=\dimen269
\adjbox@Height=\dimen270
\adjbox@Depth=\dimen271
\adjbox@Totalheight=\dimen272
\adjbox@pwidth=\dimen273
\adjbox@pheight=\dimen274
\adjbox@pdepth=\dimen275
\adjbox@ptotalheight=\dimen276

(/home/lennart/.local/texlive/2023/texmf-dist/tex/latex/ifoddpage/ifoddpage.sty
Package: ifoddpage 2022/10/18 v1.2 Conditionals for odd/even page detection
\c@checkoddpage=\count311
) (/home/lennart/.local/texlive/2023/texmf-dist/tex/latex/varwidth/varwidth.sty
Package: varwidth 2009/03/30 ver 0.92;  Variable-width minipages
\@vwid@box=\box77
\sift@deathcycles=\count312
\@vwid@loff=\dimen277
\@vwid@roff=\dimen278
))
(/home/lennart/.local/texlive/2023/texmf-dist/tex/latex/hyperref/hyperref.sty
Package: hyperref 2023-11-09 v7.01f Hypertext links for LaTeX

(/home/lennart/.local/texlive/2023/texmf-dist/tex/generic/pdftexcmds/pdftexcmds
.sty
Package: pdftexcmds 2020-06-27 v0.33 Utility functions of pdfTeX for LuaTeX (HO
)
Package pdftexcmds Info: \pdf@primitive is available.
Package pdftexcmds Info: \pdf@ifprimitive is available.
Package pdftexcmds Info: \pdfdraftmode found.
\pdftexcmds@toks=\toks42
)
(/home/lennart/.local/texlive/2023/texmf-dist/tex/generic/kvdefinekeys/kvdefine
keys.sty
Package: kvdefinekeys 2019-12-19 v1.6 Define keys (HO)
)
(/home/lennart/.local/texlive/2023/texmf-dist/tex/generic/pdfescape/pdfescape.s
ty
Package: pdfescape 2019/12/09 v1.15 Implements pdfTeX's escape features (HO)
) (/home/lennart/.local/texlive/2023/texmf-dist/tex/latex/hycolor/hycolor.sty
Package: hycolor 2020-01-27 v1.10 Color options for hyperref/bookmark (HO)
)
(/home/lennart/.local/texlive/2023/texmf-dist/tex/latex/letltxmacro/letltxmacro
.sty
Package: letltxmacro 2019/12/03 v1.6 Let assignment for LaTeX macros (HO)
)
(/home/lennart/.local/texlive/2023/texmf-dist/tex/latex/auxhook/auxhook.sty
Package: auxhook 2019-12-17 v1.6 Hooks for auxiliary files (HO)
)
(/home/lennart/.local/texlive/2023/texmf-dist/tex/latex/hyperref/nameref.sty
Package: nameref 2023-11-09 v2.55 Cross-referencing by name of section

(/home/lennart/.local/texlive/2023/texmf-dist/tex/latex/refcount/refcount.sty
Package: refcount 2019/12/15 v3.6 Data extraction from label references (HO)
)
(/home/lennart/.local/texlive/2023/texmf-dist/tex/generic/gettitlestring/gettit
lestring.sty
Package: gettitlestring 2019/12/15 v1.6 Cleanup title references (HO)
)
\c@section@level=\count313
)
\@linkdim=\dimen279
\Hy@linkcounter=\count314
\Hy@pagecounter=\count315

(/home/lennart/.local/texlive/2023/texmf-dist/tex/latex/hyperref/pd1enc.def
File: pd1enc.def 2023-11-09 v7.01f Hyperref: PDFDocEncoding definition (HO)
)
(/home/lennart/.local/texlive/2023/texmf-dist/tex/generic/intcalc/intcalc.sty
Package: intcalc 2019/12/15 v1.3 Expandable calculations with integers (HO)
)
\Hy@SavedSpaceFactor=\count316

(/home/lennart/.local/texlive/2023/texmf-dist/tex/latex/hyperref/puenc.def
File: puenc.def 2023-11-09 v7.01f Hyperref: PDF Unicode definition (HO)
)
Package hyperref Info: Hyper figures OFF on input line 4171.
Package hyperref Info: Link nesting OFF on input line 4176.
Package hyperref Info: Hyper index ON on input line 4179.
Package hyperref Info: Plain pages OFF on input line 4186.
Package hyperref Info: Backreferencing OFF on input line 4191.
Package hyperref Info: Implicit mode ON; LaTeX internals redefined.
Package hyperref Info: Bookmarks ON on input line 4438.
\c@Hy@tempcnt=\count317

(/home/lennart/.local/texlive/2023/texmf-dist/tex/latex/url/url.sty
\Urlmuskip=\muskip18
Package: url 2013/09/16  ver 3.4  Verb mode for urls, etc.
)
LaTeX Info: Redefining \url on input line 4776.
\XeTeXLinkMargin=\dimen280

(/home/lennart/.local/texlive/2023/texmf-dist/tex/generic/bitset/bitset.sty
Package: bitset 2019/12/09 v1.3 Handle bit-vector datatype (HO)

(/home/lennart/.local/texlive/2023/texmf-dist/tex/generic/bigintcalc/bigintcalc
.sty
Package: bigintcalc 2019/12/15 v1.5 Expandable calculations on big integers (HO
)
))
\Fld@menulength=\count318
\Field@Width=\dimen281
\Fld@charsize=\dimen282
Package hyperref Info: Hyper figures OFF on input line 6055.
Package hyperref Info: Link nesting OFF on input line 6060.
Package hyperref Info: Hyper index ON on input line 6063.
Package hyperref Info: backreferencing OFF on input line 6070.
Package hyperref Info: Link coloring OFF on input line 6075.
Package hyperref Info: Link coloring with OCG OFF on input line 6080.
Package hyperref Info: PDF/A mode OFF on input line 6085.

(/home/lennart/.local/texlive/2023/texmf-dist/tex/latex/base/atbegshi-ltx.sty
Package: atbegshi-ltx 2021/01/10 v1.0c Emulation of the original atbegshi
package with kernel methods
)
\Hy@abspage=\count319
\c@Item=\count320
\c@Hfootnote=\count321
)
Package hyperref Info: Driver (autodetected): hluatex.
(/home/lennart/.local/texlive/2023/texmf-dist/tex/latex/hyperref/hluatex.def
File: hluatex.def 2023-11-09 v7.01f Hyperref driver for luaTeX

(/home/lennart/.local/texlive/2023/texmf-dist/tex/generic/stringenc/stringenc.s
ty
Package: stringenc 2019/11/29 v1.12 Convert strings between diff. encodings (HO
)
)
(/home/lennart/.local/texlive/2023/texmf-dist/tex/latex/base/atveryend-ltx.sty
Package: atveryend-ltx 2020/08/19 v1.0a Emulation of the original atveryend pac
kage
with kernel methods
)
\Fld@listcount=\count322
\c@bookmark@seq@number=\count323

(/home/lennart/.local/texlive/2023/texmf-dist/tex/latex/rerunfilecheck/rerunfil
echeck.sty
Package: rerunfilecheck 2022-07-10 v1.10 Rerun checks for auxiliary files (HO)

(/home/lennart/.local/texlive/2023/texmf-dist/tex/generic/uniquecounter/uniquec
ounter.sty
Package: uniquecounter 2019/12/15 v1.4 Provide unlimited unique counter (HO)
)
Package uniquecounter Info: New unique counter `rerunfilecheck' on input line 2
85.
)
\Hy@SectionHShift=\skip53
)
(/home/lennart/.local/texlive/2023/texmf-dist/tex/latex/titling/titling.sty
Package: titling 2009/09/04 v2.1d maketitle typesetting
\thanksmarkwidth=\skip54
\thanksmargin=\skip55
\droptitle=\skip56
)
(/home/lennart/.local/texlive/2023/texmf-dist/tex/latex/tools/longtable.sty
Package: longtable 2023-11-01 v4.19 Multi-page Table package (DPC)
\LTleft=\skip57
\LTright=\skip58
\LTpre=\skip59
\LTpost=\skip60
\LTchunksize=\count324
\LTcapwidth=\dimen283
\LT@head=\box78
\LT@firsthead=\box79
\LT@foot=\box80
\LT@lastfoot=\box81
\LT@gbox=\box82
\LT@cols=\count325
\LT@rows=\count326
\c@LT@tables=\count327
\c@LT@chunks=\count328
\LT@p@ftn=\toks43
)
(/home/lennart/.local/texlive/2023/texmf-dist/tex/latex/booktabs/booktabs.sty
Package: booktabs 2020/01/12 v1.61803398 Publication quality tables
\heavyrulewidth=\dimen284
\lightrulewidth=\dimen285
\cmidrulewidth=\dimen286
\belowrulesep=\dimen287
\belowbottomsep=\dimen288
\aboverulesep=\dimen289
\abovetopsep=\dimen290
\cmidrulesep=\dimen291
\cmidrulekern=\dimen292
\defaultaddspace=\dimen293
\@cmidla=\count329
\@cmidlb=\count330
\@aboverulesep=\dimen294
\@belowrulesep=\dimen295
\@thisruleclass=\count331
\@lastruleclass=\count332
\@thisrulewidth=\dimen296
)
(/home/lennart/.local/texlive/2023/texmf-dist/tex/latex/tools/array.sty
Package: array 2023/10/16 v2.5g Tabular extension package (FMi)
\col@sep=\dimen297
\ar@mcellbox=\box83
\extrarowheight=\dimen298
\NC@list=\toks44
\extratabsurround=\skip61
\backup@length=\skip62
\ar@cellbox=\box84
)
(/home/lennart/.local/texlive/2023/texmf-dist/tex/latex/tools/calc.sty
Package: calc 2023/07/08 v4.3 Infix arithmetic (KKT,FJ)
\calc@Acount=\count333
\calc@Bcount=\count334
\calc@Adimen=\dimen299
\calc@Bdimen=\dimen300
\calc@Askip=\skip63
\calc@Bskip=\skip64
LaTeX Info: Redefining \setlength on input line 80.
LaTeX Info: Redefining \addtolength on input line 81.
\calc@Ccount=\count335
\calc@Cskip=\skip65
)
(/home/lennart/.local/texlive/2023/texmf-dist/tex/latex/enumitem/enumitem.sty
Package: enumitem 2019/06/20 v3.9 Customized lists
\labelindent=\skip66
\enit@outerparindent=\dimen301
\enit@toks=\toks45
\enit@inbox=\box85
\enit@count@id=\count336
\enitdp@description=\count337
)
(/home/lennart/.local/texlive/2023/texmf-dist/tex/generic/ulem/ulem.sty
\UL@box=\box86
\UL@hyphenbox=\box87
\UL@skip=\skip67
\UL@hook=\toks46
\UL@height=\dimen302
\UL@pe=\count338
\UL@pixel=\dimen303
\ULC@box=\box88
Package: ulem 2019/11/18
\ULdepth=\dimen304
)
(/home/lennart/.local/texlive/2023/texmf-dist/tex/generic/soul/soul.sty
Package: soul 2023-06-14 v3.1 Permit use of UTF-8 characters in soul (HO)

(/home/lennart/.local/texlive/2023/texmf-dist/tex/generic/soul/soul-ori.sty
Package: soul-ori 2023-06-14 v3.1 letterspacing/underlining (mf)
\SOUL@word=\toks47
\SOUL@lasttoken=\toks48
\SOUL@syllable=\toks49
\SOUL@cmds=\toks50
\SOUL@buffer=\toks51
\SOUL@token=\toks52
\SOUL@syllgoal=\dimen305
\SOUL@syllwidth=\dimen306
\SOUL@charkern=\dimen307
\SOUL@hyphkern=\dimen308
\SOUL@dimen=\dimen309
\SOUL@dimeni=\dimen310
\SOUL@minus=\count339
\SOUL@comma=\count340
\SOUL@apo=\count341
\SOUL@grave=\count342
\SOUL@spaceskip=\skip68
\SOUL@ttwidth=\dimen311
\SOUL@uldp=\dimen312
\SOUL@ulht=\dimen313
)
(/home/lennart/.local/texlive/2023/texmf-dist/tex/generic/etexcmds/etexcmds.sty
Package: etexcmds 2019/12/15 v1.7 Avoid name clashes with e-TeX commands (HO)
))
(/home/lennart/.local/texlive/2023/texmf-dist/tex/latex/jknapltx/mathrsfs.sty
Package: mathrsfs 1996/01/01 Math RSFS package v1.0 (jk)
\symrsfs=\mathgroup6
)
\Wrappedcontinuationbox=\box89
\Wrappedvisiblespacebox=\box90
Package hyperref Info: Option `breaklinks' set `true' on input line 381.
Package hyperref Info: Option `colorlinks' set `true' on input line 381.

No file sheet04.aux.

\openout1 = sheet04.aux
LaTeX Font Info:    Checking defaults for OML/cmm/m/it on input line 388.
LaTeX Font Info:    ... okay on input line 388.
LaTeX Font Info:    Checking defaults for OMS/cmsy/m/n on input line 388.
LaTeX Font Info:    ... okay on input line 388.
LaTeX Font Info:    Checking defaults for OT1/cmr/m/n on input line 388.
LaTeX Font Info:    ... okay on input line 388.
LaTeX Font Info:    Checking defaults for T1/cmr/m/n on input line 388.
LaTeX Font Info:    ... okay on input line 388.
LaTeX Font Info:    Checking defaults for TS1/cmr/m/n on input line 388.
LaTeX Font Info:    ... okay on input line 388.
LaTeX Font Info:    Checking defaults for TU/lmr/m/n on input line 388.
LaTeX Font Info:    ... okay on input line 388.
LaTeX Font Info:    Checking defaults for OMX/cmex/m/n on input line 388.
LaTeX Font Info:    ... okay on input line 388.
LaTeX Font Info:    Checking defaults for U/cmr/m/n on input line 388.
LaTeX Font Info:    ... okay on input line 388.
LaTeX Font Info:    Checking defaults for PD1/pdf/m/n on input line 388.
LaTeX Font Info:    ... okay on input line 388.
LaTeX Font Info:    Checking defaults for PU/pdf/m/n on input line 388.
LaTeX Font Info:    ... okay on input line 388.

(/home/lennart/.local/texlive/2023/texmf-dist/tex/context/base/mkii/supp-pdf.mk
ii
[Loading MPS to PDF converter (version 2006.09.02).]
\scratchcounter=\count343
\scratchdimen=\dimen314
\scratchbox=\box91
\nofMPsegments=\count344
\nofMParguments=\count345
\everyMPshowfont=\toks53
\MPscratchCnt=\count346
\MPscratchDim=\dimen315
\MPnumerator=\count347
\makeMPintoPDFobject=\count348
\everyMPtoPDFconversion=\toks54
)
(/home/lennart/.local/texlive/2023/texmf-dist/tex/latex/epstopdf-pkg/epstopdf-b
ase.sty
Package: epstopdf-base 2020-01-24 v2.11 Base part for package epstopdf
Package epstopdf-base Info: Redefining graphics rule for `.eps' on input line 4
85.

(/home/lennart/.local/texlive/2023/texmf-dist/tex/latex/latexconfig/epstopdf-sy
s.cfg
File: epstopdf-sys.cfg 2010/07/13 v1.3 Configuration of (r)epstopdf for TeX Liv
e
))
Package caption Info: Begin \AtBeginDocument code.
Package caption Info: float package is loaded.
Package caption Info: hyperref package is loaded.
Package caption Info: longtable package is loaded.

(/home/lennart/.local/texlive/2023/texmf-dist/tex/latex/caption/ltcaption.sty
Package: ltcaption 2021/01/08 v1.4c longtable captions (AR)
)
Package caption Info: End \AtBeginDocument code.

*geometry* driver: auto-detecting
*geometry* detected driver: luatex
*geometry* verbose mode - [ preamble ] result:
* driver: luatex
* paper: <default>
* layout: <same size as paper>
* layoutoffset:(h,v)=(0.0pt,0.0pt)
* modes: 
* h-part:(L,W,R)=(72.26999pt, 469.75502pt, 72.26999pt)
* v-part:(T,H,B)=(72.26999pt, 650.43001pt, 72.26999pt)
* \paperwidth=614.295pt
* \paperheight=794.96999pt
* \textwidth=469.75502pt
* \textheight=650.43001pt
* \oddsidemargin=0.0pt
* \evensidemargin=0.0pt
* \topmargin=-37.0pt
* \headheight=12.0pt
* \headsep=25.0pt
* \topskip=11.0pt
* \footskip=30.0pt
* \marginparwidth=59.0pt
* \marginparsep=10.0pt
* \columnsep=10.0pt
* \skip\footins=10.0pt plus 4.0pt minus 2.0pt
* \hoffset=0.0pt
* \voffset=0.0pt
* \mag=1000
* \@twocolumnfalse
* \@twosidefalse
* \@mparswitchfalse
* \@reversemarginfalse
* (1in=72.27pt=25.4mm, 1cm=28.453pt)

LaTeX Font Info:    Overwriting math alphabet `\mathrm' in version `normal'
(Font)                  OT1/cmr/m/n --> TU/lmr/m/n on input line 388.
LaTeX Font Info:    Overwriting math alphabet `\mathit' in version `normal'
(Font)                  OT1/cmr/m/it --> TU/lmr/m/it on input line 388.
LaTeX Font Info:    Overwriting math alphabet `\mathbf' in version `normal'
(Font)                  OT1/cmr/bx/n --> TU/lmr/bx/n on input line 388.
LaTeX Font Info:    Overwriting math alphabet `\mathsf' in version `normal'
(Font)                  OT1/cmss/m/n --> TU/lmss/m/n on input line 388.
LaTeX Font Info:    Overwriting math alphabet `\mathsf' in version `bold'
(Font)                  OT1/cmss/bx/n --> TU/lmss/bx/n on input line 388.
LaTeX Font Info:    Overwriting math alphabet `\mathtt' in version `normal'
(Font)                  OT1/cmtt/m/n --> TU/lmtt/m/n on input line 388.
LaTeX Font Info:    Overwriting math alphabet `\mathtt' in version `bold'
(Font)                  OT1/cmtt/m/n --> TU/lmtt/bx/n on input line 388.

Package fontspec Info: Font family 'latinmodern-math.otf(0)' created for font
(fontspec)             'latinmodern-math.otf' with options
(fontspec)             [Renderer=Basic,BoldItalicFont={},ItalicFont={},SmallCap
sFont={},Script=Math,RawFeature={mathfontdimen=xetex},BoldFont={latinmodern-mat
h.otf}].
(fontspec)              
(fontspec)              This font family consists of the following NFSS
(fontspec)             series/shapes:
(fontspec)              
(fontspec)             - 'normal' (m/n) with NFSS spec.:
(fontspec)             <->"[latinmodern-math.otf]:mode=base;script=math;languag
e=dflt;mathfontdimen=xetex;"
(fontspec)             - 'small caps'  (m/sc) with NFSS spec.: 
(fontspec)             - 'bold' (b/n) with NFSS spec.:
(fontspec)             <->"[latinmodern-math.otf]:mode=base;script=math;languag
e=dflt;mathfontdimen=xetex;"
(fontspec)             - 'bold small caps'  (b/sc) with NFSS spec.: 


Package fontspec Info: Font family 'latinmodern-math.otf(1)' created for font
(fontspec)             'latinmodern-math.otf' with options
(fontspec)             [Renderer=Basic,BoldItalicFont={},ItalicFont={},SmallCap
sFont={},Script=Math,SizeFeatures={{Size=9.3075-},{Size=6.57-9.3075,Font=latinm
odern-math.otf,Style=MathScript},{Size=-6.57,Font=latinmodern-math.otf,Style=Ma
thScriptScript}},RawFeature={mathfontdimen=xetex},BoldFont={latinmodern-math.ot
f}].
(fontspec)              
(fontspec)              This font family consists of the following NFSS
(fontspec)             series/shapes:
(fontspec)              
(fontspec)             - 'normal' (m/n) with NFSS spec.:
(fontspec)             <9.3075->"[latinmodern-math.otf]:mode=base;script=math;l
anguage=dflt;mathfontdimen=xetex;"<6.57-9.3075>"[latinmodern-math.otf]:mode=bas
e;script=math;language=dflt;mathfontdimen=xetex;+ssty=0;"<-6.57>"[latinmodern-m
ath.otf]:mode=base;script=math;language=dflt;mathfontdimen=xetex;+ssty=1;"
(fontspec)             - 'small caps'  (m/sc) with NFSS spec.: 
(fontspec)             - 'bold' (b/n) with NFSS spec.:
(fontspec)             <->"[latinmodern-math.otf]:mode=base;script=math;languag
e=dflt;mathfontdimen=xetex;"
(fontspec)             - 'bold small caps'  (b/sc) with NFSS spec.: 

LaTeX Font Info:    Encoding `OT1' has changed to `TU' for symbol font
(Font)              `operators' in the math version `normal' on input line 388.

LaTeX Font Info:    Overwriting symbol font `operators' in version `normal'
(Font)                  OT1/cmr/m/n --> TU/latinmodern-math.otf(1)/m/n on input
 line 388.
LaTeX Font Info:    Encoding `OT1' has changed to `TU' for symbol font
(Font)              `operators' in the math version `bold' on input line 388.
LaTeX Font Info:    Overwriting symbol font `operators' in version `bold'
(Font)                  OT1/cmr/bx/n --> TU/latinmodern-math.otf(1)/b/n on inpu
t line 388.

Package fontspec Info: Font family 'latinmodern-math.otf(2)' created for font
(fontspec)             'latinmodern-math.otf' with options
(fontspec)             [Renderer=Basic,BoldItalicFont={},ItalicFont={},SmallCap
sFont={},Script=Math,SizeFeatures={{Size=9.3075-},{Size=6.57-9.3075,Font=latinm
odern-math.otf,Style=MathScript},{Size=-6.57,Font=latinmodern-math.otf,Style=Ma
thScriptScript}},RawFeature={mathfontdimen=xetex},BoldFont={latinmodern-math.ot
f},RawFeature={mathfontdimen=tex2}].
(fontspec)              
(fontspec)              This font family consists of the following NFSS
(fontspec)             series/shapes:
(fontspec)              
(fontspec)             - 'normal' (m/n) with NFSS spec.:
(fontspec)             <9.3075->"[latinmodern-math.otf]:mode=base;script=math;l
anguage=dflt;mathfontdimen=xetex;mathfontdimen=tex2;"<6.57-9.3075>"[latinmodern
-math.otf]:mode=base;script=math;language=dflt;mathfontdimen=xetex;mathfontdime
n=tex2;+ssty=0;"<-6.57>"[latinmodern-math.otf]:mode=base;script=math;language=d
flt;mathfontdimen=xetex;mathfontdimen=tex2;+ssty=1;"
(fontspec)             - 'small caps'  (m/sc) with NFSS spec.: 
(fontspec)             - 'bold' (b/n) with NFSS spec.:
(fontspec)             <->"[latinmodern-math.otf]:mode=base;script=math;languag
e=dflt;mathfontdimen=xetex;mathfontdimen=tex2;"
(fontspec)             - 'bold small caps'  (b/sc) with NFSS spec.: 

LaTeX Font Info:    Encoding `OMS' has changed to `TU' for symbol font
(Font)              `symbols' in the math version `normal' on input line 388.
LaTeX Font Info:    Overwriting symbol font `symbols' in version `normal'
(Font)                  OMS/cmsy/m/n --> TU/latinmodern-math.otf(2)/m/n on inpu
t line 388.
LaTeX Font Info:    Encoding `OMS' has changed to `TU' for symbol font
(Font)              `symbols' in the math version `bold' on input line 388.
LaTeX Font Info:    Overwriting symbol font `symbols' in version `bold'
(Font)                  OMS/cmsy/b/n --> TU/latinmodern-math.otf(2)/b/n on inpu
t line 388.

Package fontspec Info: Font family 'latinmodern-math.otf(3)' created for font
(fontspec)             'latinmodern-math.otf' with options
(fontspec)             [Renderer=Basic,BoldItalicFont={},ItalicFont={},SmallCap
sFont={},Script=Math,SizeFeatures={{Size=9.3075-},{Size=6.57-9.3075,Font=latinm
odern-math.otf,Style=MathScript},{Size=-6.57,Font=latinmodern-math.otf,Style=Ma
thScriptScript}},RawFeature={mathfontdimen=xetex},BoldFont={latinmodern-math.ot
f},RawFeature={mathfontdimen=tex3}].
(fontspec)              
(fontspec)              This font family consists of the following NFSS
(fontspec)             series/shapes:
(fontspec)              
(fontspec)             - 'normal' (m/n) with NFSS spec.:
(fontspec)             <9.3075->"[latinmodern-math.otf]:mode=base;script=math;l
anguage=dflt;mathfontdimen=xetex;mathfontdimen=tex3;"<6.57-9.3075>"[latinmodern
-math.otf]:mode=base;script=math;language=dflt;mathfontdimen=xetex;mathfontdime
n=tex3;+ssty=0;"<-6.57>"[latinmodern-math.otf]:mode=base;script=math;language=d
flt;mathfontdimen=xetex;mathfontdimen=tex3;+ssty=1;"
(fontspec)             - 'small caps'  (m/sc) with NFSS spec.: 
(fontspec)             - 'bold' (b/n) with NFSS spec.:
(fontspec)             <->"[latinmodern-math.otf]:mode=base;script=math;languag
e=dflt;mathfontdimen=xetex;mathfontdimen=tex3;"
(fontspec)             - 'bold small caps'  (b/sc) with NFSS spec.: 

LaTeX Font Info:    Encoding `OMX' has changed to `TU' for symbol font
(Font)              `largesymbols' in the math version `normal' on input line 3
88.
LaTeX Font Info:    Overwriting symbol font `largesymbols' in version `normal'
(Font)                  OMX/cmex/m/n --> TU/latinmodern-math.otf(3)/m/n on inpu
t line 388.
LaTeX Font Info:    Encoding `OMX' has changed to `TU' for symbol font
(Font)              `largesymbols' in the math version `bold' on input line 388
.
LaTeX Font Info:    Overwriting symbol font `largesymbols' in version `bold'
(Font)                  OMX/cmex/m/n --> TU/latinmodern-math.otf(3)/b/n on inpu
t line 388.
LaTeX Font Info:    Trying to load font information for U+msa on input line 388
.
(/home/lennart/.local/texlive/2023/texmf-dist/tex/latex/amsfonts/umsa.fd
File: umsa.fd 2013/01/14 v3.01 AMS symbols A
)
LaTeX Font Info:    Trying to load font information for U+msb on input line 388
.

(/home/lennart/.local/texlive/2023/texmf-dist/tex/latex/amsfonts/umsb.fd
File: umsb.fd 2013/01/14 v3.01 AMS symbols B
)
LaTeX Font Info:    Trying to load font information for U+rsfs on input line 38
8.

(/home/lennart/.local/texlive/2023/texmf-dist/tex/latex/jknapltx/ursfs.fd
File: ursfs.fd 1998/03/24 rsfs font definition file (jk)
)

LaTeX Font Warning: Font shape `U/rsfs/m/n' in size <5.475> not available
(Font)              size <5> substituted on input line 388.

Package hyperref Info: Link coloring ON on input line 388.
\@outlinefile=\write5

\openout5 = sheet04.out

LaTeX Warning: No \author given.

LaTeX Font Info:    Font shape `TU/lmtt/bx/n' in size <10.95> not available
(Font)              Font shape `TU/lmtt/b/n' tried instead on input line 398.
<output_2_1.png, id=7, 408.3255pt x 312.9291pt>
File: output_2_1.png Graphic file (type png)
<use output_2_1.png>
Package luatex.def Info: output_2_1.png  used on input line 432.
(luatex.def)             Requested size: 408.3245pt x 312.92831pt.
[1

{/home/lennart/.local/texlive/2023/texmf-var/fonts/map/pdftex/updmap/pdftex.map}
]
Underfull \hbox (badness 10000) in paragraph at lines 434--435

 []

[2<./output_2_1.png>]
<output_3_2.png, id=25, 408.3255pt x 312.9291pt>
File: output_3_2.png Graphic file (type png)
<use output_3_2.png>
Package luatex.def Info: output_3_2.png  used on input line 479.
(luatex.def)             Requested size: 408.3245pt x 312.92831pt.

Underfull \hbox (badness 10000) in paragraph at lines 481--482

 []

[3<./output_3_2.png>]
<output_5_1.png, id=32, 408.3255pt x 312.9291pt>
File: output_5_1.png Graphic file (type png)
<use output_5_1.png>
Package luatex.def Info: output_5_1.png  used on input line 510.
(luatex.def)             Requested size: 408.3245pt x 312.92831pt.

Underfull \hbox (badness 10000) in paragraph at lines 512--513

 []

[4<./output_5_1.png>] (./sheet04.aux)
 ***********
LaTeX2e <2023-11-01>
L3 programming layer <2023-11-09>
 ***********


LaTeX Font Warning: Size substitutions with differences
(Font)              up to 0.475pt have occurred.


Package rerunfilecheck Warning: File `sheet04.out' has changed.
(rerunfilecheck)                Rerun to get outlines right
(rerunfilecheck)                or use package `bookmark'.

Package rerunfilecheck Info: Checksums for `sheet04.out':
(rerunfilecheck)             Before: <no file>
(rerunfilecheck)             After:  D41D8CD98F00B204E9800998ECF8427E;0.
)

Here is how much of LuaTeX's memory you used:
 31633 strings out of 476598
 125086,1977958 words of node,token memory allocated
 570 words of node memory still in use:
   7 hlist, 2 vlist, 2 rule, 2 glue, 4 kern, 2 glyph, 9 attribute, 63 glue_spec,
 9 attribute_list, 2 write nodes
   avail lists: 1:5,2:2112,3:737,4:2041,5:541,6:58,7:3049,8:4,9:1078,10:13,11:21
9
 52868 multiletter control sequences out of 65536+600000
 75 fonts using 21796375 bytes
 101i,7n,101p,705b,644s stack positions out of 10000i,1000n,20000p,200000b,200000s
</home/lennart/.local/texlive/2023/texmf-dist/fonts/opentype/public/lm-math/lati
nmodern-math.otf></home/lennart/.local/texlive/2023/texmf-dist/fonts/opentype/pu
blic/lm-math/latinmodern-math.otf></home/lennart/.local/texlive/2023/texmf-dist/
fonts/opentype/public/lm/lmroman10-regular.otf></home/lennart/.local/texlive/202
3/texmf-dist/fonts/opentype/public/lm/lmmono10-italic.otf></home/lennart/.local/
texlive/2023/texmf-dist/fonts/opentype/public/lm/lmmonolt10-bold.otf></home/lenn
art/.local/texlive/2023/texmf-dist/fonts/opentype/public/lm/lmmono10-regular.otf
></home/lennart/.local/texlive/2023/texmf-dist/fonts/opentype/public/lm/lmroman1
2-regular.otf></home/lennart/.local/texlive/2023/texmf-dist/fonts/opentype/publi
c/lm/lmroman17-regular.otf>
Output written on sheet04.pdf (4 pages, 90067 bytes).

PDF statistics: 90 PDF objects out of 1000 (max. 8388607)
 53 compressed objects within 1 object stream
 5 named destinations out of 1000 (max. 131072)
 16 words of extra memory for PDF output out of 10000 (max. 100000000)

